autosave.py
---------
autosave.py
---------
autosave.py
---------
autosave.py
---------
autosave.py
---------
autosave.py
---------
autosave.py
---------
autosave.py
---------
ui/scripting_window/docs/doc.html?#ui.scripting_window.appfuncs.somefunctions.FirstFunction.run
---------
/C:/mmpe/programming/python/MMPE/ui/scripting_window/docs/index.html 
---------
/C:/mmpe/programming/python/MMPE/ui/scripting_window/docs/index.html 
---------
/C:/mmpe/programming/python/MMPE/ui/scripting_window/docs/index.html 
---------
/C:/mmpe/programming/python/MMPE/ui/scripting_window/docs/index.html 
---------
/C:/mmpe/programming/python/MMPE/ui/scripting_window/docs/index.html 
---------
/C:/mmpe/programming/python/MMPE/ui/scripting_window/docs/index.html 
---------
/C:/mmpe/programming/python/MMPE/ui/scripting_window/docs/index.html 
---------
/C:/mmpe/programming/python/MMPE/ui/scripting_window/docs/index.html 
---------
/C:/mmpe/programming/python/MMPE/ui/scripting_window/docs/index.html 
---------
/C:/mmpe/programming/python/MMPE/ui/scripting_window/docs/index.html 
---------
/C:/mmpe/programming/python/MMPE/ui/scripting_window/docs/index.html 
---------
/C:/mmpe/programming/python/MMPE/ui/scripting_window/docs/index.html 
---------
/C:/mmpe/programming/python/MMPE/ui/scripting_window/docs/index.html 
---------
/C:/mmpe/programming/python/MMPE/ui/scripting_window/docs/index.html 
---------
/C:/mmpe/programming/python/MMPE/ui/scripting_window/docs/index.html 
---------
/C:/mmpe/programming/python/MMPE/ui/scripting_window/docs/index.html 
---------
/C:/mmpe/programming/python/MMPE/ui/scripting_window/docs/index.html 
---------
/C:/mmpe/programming/python/MMPE/ui/scripting_window/docs/index.html 
---------
/C:/mmpe/programming/python/MMPE/ui/scripting_window/docs/index.html 
---------
/C:/mmpe/programming/python/MMPE/ui/scripting_window/docs/index.html 
---------
/C:/mmpe/programming/python/MMPE/ui/scripting_window/docs/index.html 
---------
/C:/mmpe/programming/python/MMPE/ui/scripting_window/docs/index.html 
---------
/C:/mmpe/programming/python/MMPE/ui/scripting_window/docs/index.html 
---------
/C:/mmpe/programming/python/MMPE/ui/scripting_window/docs/index.html 
---------
/C:/mmpe/programming/python/MMPE/ui/scripting_window/docs/index.html 
---------
/C:/mmpe/programming/python/MMPE/ui/scripting_window/docs/doc.html ui.scripting_window.appfuncs.somefunctions.FirstFunction.run
---------
/C:/mmpe/programming/python/MMPE/ui/scripting_window/docs/index.html 
---------
/C:/mmpe/programming/python/MMPE/ui/scripting_window/docs/index.html 
---------
/C:/mmpe/programming/python/MMPE/ui/scripting_window/docs/doc.html ui.scripting_window.appfuncs.somefunctions.FirstFunction.run
---------
/C:/mmpe/programming/python/MMPE/ui/scripting_window/docs/index.html 
---------
/C:/mmpe/programming/python/MMPE/ui/scripting_window/docs/index.html 
---------
/C:/mmpe/programming/python/MMPE/ui/scripting_window/docs/index.html 
---------
/C:/mmpe/programming/python/MMPE/ui/scripting_window/docs/index.html 
---------
/C:/mmpe/programming/python/MMPE/ui/scripting_window/docs/index.html 
---------
/C:/mmpe/programming/python/MMPE/ui/scripting_window/docs/index.html 
---------
/C:/mmpe/programming/python/MMPE/ui/scripting_window/docs/index.html 
---------
/C:/mmpe/programming/python/MMPE/ui/scripting_window/docs/doc.html ui.scripting_window.appfuncs.somefunctions.FirstFunction.run
---------
/C:/mmpe/programming/python/MMPE/ui/scripting_window/docs/index.html 
---------
/C:/mmpe/programming/python/MMPE/ui/scripting_window/docs/index.html 
---------
/C:/mmpe/programming/python/MMPE/ui/scripting_window/docs/index.html 
---------
/C:/mmpe/programming/python/MMPE/ui/scripting_window/docs/index.html 
---------
/C:/mmpe/programming/python/MMPE/ui/scripting_window/docs/index.html 
---------
/C:/mmpe/programming/python/MMPE/ui/scripting_window/docs/doc.html ui.scripting_window.appfuncs.somefunctions.FirstFunction.run
---------
/C:/mmpe/programming/python/MMPE/ui/scripting_window/docs/doc.html ui.scripting_window.appfuncs.somefunctions.FirstFunction.run
---------
/C:/mmpe/programming/python/MMPE/ui/scripting_window/docs/index.html 
---------
/C:/mmpe/programming/python/MMPE/ui/scripting_window/docs/doc.html ui.scripting_window.appfuncs.somefunctions.FirstFunction.run
---------
/C:/mmpe/programming/python/MMPE/ui/scripting_window/docs/doc.html ui.scripting_window.appfuncs.somefunctions.FirstFunction.run
---------
/C:/mmpe/programming/python/MMPE/ui/scripting_window/docs/index.html 
---------
/C:/mmpe/programming/python/MMPE/ui/scripting_window/docs/doc.html ui.scripting_window.appfuncs.somefunctions.FirstFunction
---------
/C:/mmpe/programming/python/MMPE/ui/scripting_window/docs/index.html 
---------
/C:/mmpe/programming/python/MMPE/ui/scripting_window/docs/index.html 
---------
/C:/mmpe/programming/python/MMPE/ui/scripting_window/docs/index.html 
---------
/C:/mmpe/programming/python/MMPE/ui/scripting_window/docs/index.html 
---------
/C:/mmpe/programming/python/MMPE/ui/scripting_window/docs/doc.html ui.scripting_window.appfuncs.submodule.otherfunctions_2.FifthFunction
---------
/C:/mmpe/programming/python/MMPE/ui/scripting_window/docs/source.html _modules/ui/scripting_window/appfuncs/submodule/otherfunctions_2.html#FifthFunction.run
---------
/C:/mmpe/programming/python/MMPE/ui/scripting_window/docs/index.html 
---------
/C:/mmpe/programming/python/MMPE/ui/scripting_window/docs/index.html 
---------
/C:/mmpe/programming/python/MMPE/ui/scripting_window/docs/doc.html ui.scripting_window.appfuncs.otherfunctions.fourthFunction
---------
/C:/mmpe/programming/python/MMPE/ui/scripting_window/docs/index.html 
---------
/C:/mmpe/programming/python/MMPE/ui/scripting_window/docs/doc.html ui.scripting_window.appfuncs.submodule.otherfunctions_2.FifthFunction
---------
/C:/mmpe/programming/python/MMPE/ui/scripting_window/docs/index.html 
---------
/C:/mmpe/programming/python/MMPE/ui/scripting_window/docs/doc.html ui.scripting_window.appfuncs.somefunctions.FirstFunction
---------
/C:/mmpe/programming/python/MMPE/ui/scripting_window/docs/source.html _modules/ui/scripting_window/appfuncs/somefunctions.html#FirstFunction.run
---------
/C:/mmpe/programming/python/MMPE/ui/scripting_window/docs/doc.html ui.scripting_window.appfuncs.somefunctions.FirstFunction.run
---------
/C:/mmpe/programming/python/MMPE/ui/scripting_window/docs/index.html 
---------
/C:/mmpe/programming/python/MMPE/ui/scripting_window/docs/index.html 
---------
/C:/mmpe/programming/python/MMPE/ui/scripting_window/docs/index.html 
---------
/C:/mmpe/programming/python/MMPE/ui/scripting_window/docs/doc.html ui.scripting_window.appfuncs.otherfunctions.fourthFunction
---------
/C:/mmpe/programming/python/MMPE/ui/scripting_window/docs/index.html 
---------
/C:/mmpe/programming/python/MMPE/ui/scripting_window/docs/doc.html ui.scripting_window.appfuncs.somefunctions.FirstFunction
---------
/C:/mmpe/programming/python/MMPE/ui/scripting_window/docs/index.html 
---------
/C:/mmpe/programming/python/MMPE/ui/scripting_window/docs/doc.html ui.scripting_window.appfuncs.submodule.otherfunctions_2.FifthFunction
---------
/C:/mmpe/programming/python/MMPE/ui/scripting_window/docs/index.html 
---------
/C:/mmpe/programming/python/MMPE/ui/scripting_window/docs/doc.html ui.scripting_window.appfuncs.somefunctions.SecondFunction
---------
/C:/mmpe/programming/python/MMPE/ui/scripting_window/docs/doc.html ui.scripting_window.appfuncs.somefunctions.FirstFunction.run
---------
/C:/mmpe/programming/python/MMPE/ui/scripting_window/docs/doc.html ui.scripting_window.appfuncs.somefunctions.SecondFunction.run
---------
/C:/mmpe/programming/python/MMPE/ui/scripting_window/docs/index.html 
---------
/C:/mmpe/programming/python/MMPE/ui/scripting_window/docs/doc.html ui.scripting_window.appfuncs.somefunctions.FirstFunction.run
---------
/C:/mmpe/programming/python/MMPE/ui/scripting_window/docs/index.html 
---------
